<?xml version="1.0" encoding="UTF-8"?>
<testng-results ignored="0" total="2" passed="2" failed="0" skipped="0">
  <reporter-output>
  </reporter-output>
  <suite started-at="2021-11-09T17:27:30 CST" name="Default suite" finished-at="2021-11-09T17:27:35 CST" duration-ms="4271">
    <groups>
    </groups>
    <test started-at="2021-11-09T17:27:30 CST" name="Default test" finished-at="2021-11-09T17:27:35 CST" duration-ms="4271">
      <class name="zerobank.FlowOne">
        <test-method is-config="true" signature="setUp()[pri:0, instance:zerobank.FlowOne@7bab3f1a]" started-at="2021-11-09T17:27:30 CST" name="setUp" finished-at="2021-11-09T17:27:33 CST" duration-ms="2324" status="PASS">
          <reporter-output>
          </reporter-output>
        </test-method> <!-- setUp -->
        <test-method signature="feedback()[pri:1, instance:zerobank.FlowOne@7bab3f1a]" started-at="2021-11-09T17:27:33 CST" name="feedback" finished-at="2021-11-09T17:27:34 CST" duration-ms="1033" status="PASS">
          <reporter-output>
          </reporter-output>
        </test-method> <!-- feedback -->
        <test-method signature="faqPage()[pri:2, instance:zerobank.FlowOne@7bab3f1a]" started-at="2021-11-09T17:27:34 CST" name="faqPage" finished-at="2021-11-09T17:27:34 CST" duration-ms="648" status="PASS">
          <reporter-output>
          </reporter-output>
        </test-method> <!-- faqPage -->
        <test-method is-config="true" signature="cleanUp()[pri:0, instance:zerobank.FlowOne@7bab3f1a]" started-at="2021-11-09T17:27:34 CST" name="cleanUp" finished-at="2021-11-09T17:27:35 CST" duration-ms="224" status="PASS">
          <reporter-output>
          </reporter-output>
        </test-method> <!-- cleanUp -->
      </class> <!-- zerobank.FlowOne -->
    </test> <!-- Default test -->
  </suite> <!-- Default suite -->
</testng-results>
